{"/Users/johnfn/code/hotswapjs/spec/test.js":{"path":"/Users/johnfn/code/hotswapjs/spec/test.js","s":{"1":1,"2":1,"3":1,"4":1,"5":1,"6":1,"7":1,"8":1,"9":0,"10":1,"11":0,"12":0,"13":0,"14":0,"15":0,"16":0,"17":0,"18":0,"19":0,"20":0,"21":0,"22":0,"23":0,"24":0,"25":0,"26":0,"27":0,"28":0,"29":0,"30":0,"31":0,"32":0,"33":0,"34":0,"35":0,"36":0,"37":0,"38":0,"39":0,"40":0,"41":0,"42":0,"43":0},"b":{},"f":{"1":0,"2":0,"3":0,"4":0,"5":0,"6":0,"7":0,"8":0,"9":0,"10":0,"11":0},"fnMap":{"1":{"name":"(anonymous_1)","line":10,"loc":{"start":{"line":10,"column":19},"end":{"line":10,"column":30}}},"2":{"name":"run","line":13,"loc":{"start":{"line":13,"column":4},"end":{"line":13,"column":21}}},"3":{"name":"(anonymous_3)","line":28,"loc":{"start":{"line":28,"column":14},"end":{"line":28,"column":25}}},"4":{"name":"(anonymous_4)","line":32,"loc":{"start":{"line":32,"column":25},"end":{"line":32,"column":36}}},"5":{"name":"(anonymous_5)","line":36,"loc":{"start":{"line":36,"column":49},"end":{"line":36,"column":60}}},"6":{"name":"(anonymous_6)","line":42,"loc":{"start":{"line":42,"column":50},"end":{"line":42,"column":61}}},"7":{"name":"(anonymous_7)","line":49,"loc":{"start":{"line":49,"column":49},"end":{"line":49,"column":60}}},"8":{"name":"(anonymous_8)","line":55,"loc":{"start":{"line":55,"column":33},"end":{"line":55,"column":44}}},"9":{"name":"(anonymous_9)","line":59,"loc":{"start":{"line":59,"column":47},"end":{"line":59,"column":58}}},"10":{"name":"(anonymous_10)","line":66,"loc":{"start":{"line":66,"column":62},"end":{"line":66,"column":73}}},"11":{"name":"(anonymous_11)","line":73,"loc":{"start":{"line":73,"column":85},"end":{"line":73,"column":96}}}},"statementMap":{"1":{"start":{"line":1,"column":0},"end":{"line":1,"column":29}},"2":{"start":{"line":2,"column":0},"end":{"line":2,"column":31}},"3":{"start":{"line":3,"column":0},"end":{"line":3,"column":33}},"4":{"start":{"line":4,"column":0},"end":{"line":4,"column":37}},"5":{"start":{"line":5,"column":0},"end":{"line":5,"column":39}},"6":{"start":{"line":7,"column":0},"end":{"line":7,"column":30}},"7":{"start":{"line":8,"column":0},"end":{"line":8,"column":18}},"8":{"start":{"line":10,"column":0},"end":{"line":78,"column":3}},"9":{"start":{"line":11,"column":4},"end":{"line":11,"column":22}},"10":{"start":{"line":13,"column":4},"end":{"line":26,"column":5}},"11":{"start":{"line":14,"column":8},"end":{"line":14,"column":20}},"12":{"start":{"line":15,"column":8},"end":{"line":15,"column":25}},"13":{"start":{"line":17,"column":8},"end":{"line":23,"column":9}},"14":{"start":{"line":18,"column":12},"end":{"line":18,"column":50}},"15":{"start":{"line":19,"column":12},"end":{"line":19,"column":31}},"16":{"start":{"line":21,"column":12},"end":{"line":21,"column":85}},"17":{"start":{"line":22,"column":12},"end":{"line":22,"column":64}},"18":{"start":{"line":25,"column":8},"end":{"line":25,"column":23}},"19":{"start":{"line":28,"column":4},"end":{"line":32,"column":4}},"20":{"start":{"line":29,"column":8},"end":{"line":29,"column":22}},"21":{"start":{"line":32,"column":4},"end":{"line":34,"column":7}},"22":{"start":{"line":33,"column":8},"end":{"line":33,"column":44}},"23":{"start":{"line":36,"column":4},"end":{"line":42,"column":4}},"24":{"start":{"line":37,"column":8},"end":{"line":37,"column":82}},"25":{"start":{"line":38,"column":8},"end":{"line":38,"column":43}},"26":{"start":{"line":39,"column":8},"end":{"line":39,"column":43}},"27":{"start":{"line":42,"column":4},"end":{"line":47,"column":7}},"28":{"start":{"line":43,"column":6},"end":{"line":43,"column":78}},"29":{"start":{"line":45,"column":6},"end":{"line":45,"column":37}},"30":{"start":{"line":46,"column":6},"end":{"line":46,"column":41}},"31":{"start":{"line":49,"column":4},"end":{"line":53,"column":7}},"32":{"start":{"line":50,"column":6},"end":{"line":50,"column":74}},"33":{"start":{"line":52,"column":6},"end":{"line":52,"column":41}},"34":{"start":{"line":55,"column":4},"end":{"line":57,"column":7}},"35":{"start":{"line":59,"column":4},"end":{"line":64,"column":7}},"36":{"start":{"line":60,"column":8},"end":{"line":60,"column":74}},"37":{"start":{"line":62,"column":8},"end":{"line":62,"column":39}},"38":{"start":{"line":63,"column":8},"end":{"line":63,"column":43}},"39":{"start":{"line":66,"column":4},"end":{"line":71,"column":7}},"40":{"start":{"line":67,"column":8},"end":{"line":67,"column":75}},"41":{"start":{"line":69,"column":8},"end":{"line":69,"column":39}},"42":{"start":{"line":70,"column":8},"end":{"line":70,"column":43}},"43":{"start":{"line":73,"column":4},"end":{"line":78,"column":0}}},"branchMap":{}}}