{"/Users/johnfn/code/hotswapjs/spec/test.js":{"path":"/Users/johnfn/code/hotswapjs/spec/test.js","s":{"1":1,"2":1,"3":1,"4":1,"5":1,"6":1,"7":1,"8":1,"9":2,"10":2,"11":2,"12":2,"13":2,"14":0,"15":0,"16":2,"17":1,"18":3,"19":1,"20":1,"21":1,"22":1,"23":1,"24":1,"25":1,"26":0,"27":0,"28":0,"29":1,"30":0,"31":0,"32":1,"33":1,"34":0,"35":0,"36":0,"37":1,"38":0,"39":0,"40":0,"41":1},"b":{},"f":{"1":1,"2":2,"3":3,"4":1,"5":1,"6":0,"7":0,"8":1,"9":0,"10":0,"11":0},"fnMap":{"1":{"name":"(anonymous_1)","line":7,"loc":{"start":{"line":7,"column":19},"end":{"line":7,"column":30}}},"2":{"name":"run","line":10,"loc":{"start":{"line":10,"column":4},"end":{"line":10,"column":21}}},"3":{"name":"(anonymous_3)","line":25,"loc":{"start":{"line":25,"column":14},"end":{"line":25,"column":25}}},"4":{"name":"(anonymous_4)","line":29,"loc":{"start":{"line":29,"column":25},"end":{"line":29,"column":36}}},"5":{"name":"(anonymous_5)","line":33,"loc":{"start":{"line":33,"column":49},"end":{"line":33,"column":60}}},"6":{"name":"(anonymous_6)","line":39,"loc":{"start":{"line":39,"column":55},"end":{"line":39,"column":66}}},"7":{"name":"(anonymous_7)","line":46,"loc":{"start":{"line":46,"column":49},"end":{"line":46,"column":60}}},"8":{"name":"(anonymous_8)","line":52,"loc":{"start":{"line":52,"column":33},"end":{"line":52,"column":44}}},"9":{"name":"(anonymous_9)","line":56,"loc":{"start":{"line":56,"column":47},"end":{"line":56,"column":58}}},"10":{"name":"(anonymous_10)","line":63,"loc":{"start":{"line":63,"column":62},"end":{"line":63,"column":73}}},"11":{"name":"(anonymous_11)","line":70,"loc":{"start":{"line":70,"column":85},"end":{"line":70,"column":96}}}},"statementMap":{"1":{"start":{"line":1,"column":0},"end":{"line":1,"column":29}},"2":{"start":{"line":2,"column":0},"end":{"line":2,"column":31}},"3":{"start":{"line":3,"column":0},"end":{"line":3,"column":33}},"4":{"start":{"line":4,"column":0},"end":{"line":4,"column":37}},"5":{"start":{"line":5,"column":0},"end":{"line":5,"column":39}},"6":{"start":{"line":7,"column":0},"end":{"line":75,"column":3}},"7":{"start":{"line":8,"column":4},"end":{"line":8,"column":22}},"8":{"start":{"line":10,"column":4},"end":{"line":23,"column":5}},"9":{"start":{"line":11,"column":8},"end":{"line":11,"column":20}},"10":{"start":{"line":12,"column":8},"end":{"line":12,"column":25}},"11":{"start":{"line":14,"column":8},"end":{"line":20,"column":9}},"12":{"start":{"line":15,"column":12},"end":{"line":15,"column":50}},"13":{"start":{"line":16,"column":12},"end":{"line":16,"column":31}},"14":{"start":{"line":18,"column":12},"end":{"line":18,"column":85}},"15":{"start":{"line":19,"column":12},"end":{"line":19,"column":64}},"16":{"start":{"line":22,"column":8},"end":{"line":22,"column":23}},"17":{"start":{"line":25,"column":4},"end":{"line":29,"column":4}},"18":{"start":{"line":26,"column":8},"end":{"line":26,"column":22}},"19":{"start":{"line":29,"column":4},"end":{"line":31,"column":7}},"20":{"start":{"line":30,"column":8},"end":{"line":30,"column":44}},"21":{"start":{"line":33,"column":4},"end":{"line":39,"column":4}},"22":{"start":{"line":34,"column":8},"end":{"line":34,"column":82}},"23":{"start":{"line":35,"column":8},"end":{"line":35,"column":43}},"24":{"start":{"line":36,"column":8},"end":{"line":36,"column":43}},"25":{"start":{"line":39,"column":4},"end":{"line":44,"column":7}},"26":{"start":{"line":40,"column":6},"end":{"line":40,"column":78}},"27":{"start":{"line":42,"column":6},"end":{"line":42,"column":37}},"28":{"start":{"line":43,"column":6},"end":{"line":43,"column":41}},"29":{"start":{"line":46,"column":4},"end":{"line":50,"column":7}},"30":{"start":{"line":47,"column":6},"end":{"line":47,"column":74}},"31":{"start":{"line":49,"column":6},"end":{"line":49,"column":41}},"32":{"start":{"line":52,"column":4},"end":{"line":54,"column":7}},"33":{"start":{"line":56,"column":4},"end":{"line":61,"column":7}},"34":{"start":{"line":57,"column":8},"end":{"line":57,"column":74}},"35":{"start":{"line":59,"column":8},"end":{"line":59,"column":39}},"36":{"start":{"line":60,"column":8},"end":{"line":60,"column":43}},"37":{"start":{"line":63,"column":4},"end":{"line":68,"column":7}},"38":{"start":{"line":64,"column":8},"end":{"line":64,"column":75}},"39":{"start":{"line":66,"column":8},"end":{"line":66,"column":39}},"40":{"start":{"line":67,"column":8},"end":{"line":67,"column":43}},"41":{"start":{"line":70,"column":4},"end":{"line":75,"column":0}}},"branchMap":{}},"/Users/johnfn/code/hotswapjs/swapper.js":{"path":"/Users/johnfn/code/hotswapjs/swapper.js","s":{"1":1,"2":1,"3":1,"4":1,"5":1,"6":1,"7":1,"8":12,"9":0,"10":1,"11":0,"12":1,"13":2,"14":2,"15":2,"16":2,"17":2,"18":2,"19":1,"20":0,"21":1,"22":1,"23":12,"24":12,"25":1,"26":12,"27":2,"28":2,"29":2,"30":0,"31":2,"32":12,"33":12,"34":1,"35":1,"36":0,"37":1,"38":11,"39":1,"40":1,"41":10,"42":1,"43":1,"44":10,"45":0,"46":0,"47":0,"48":0,"49":10,"50":2,"51":2,"52":0,"53":2,"54":2,"55":2,"56":2,"57":2,"58":2,"59":6,"60":2,"61":4,"62":2,"63":8,"64":2,"65":2,"66":3,"67":8,"68":2,"69":2,"70":2,"71":1,"72":2,"73":2,"74":2,"75":2,"76":2,"77":2,"78":1,"79":0,"80":0,"81":0,"82":0,"83":0,"84":0,"85":0,"86":0,"87":0,"88":0,"89":0,"90":0,"91":0,"92":0,"93":1,"94":0,"95":0,"96":0,"97":0,"98":0,"99":0,"100":0,"101":0,"102":0,"103":0,"104":0,"105":0,"106":0,"107":0,"108":0,"109":0,"110":0,"111":0,"112":0,"113":0,"114":0,"115":0,"116":0,"117":0,"118":1,"119":0,"120":0,"121":0,"122":0,"123":0,"124":0,"125":0,"126":0,"127":1,"128":0,"129":0,"130":0,"131":0,"132":0,"133":0,"134":0,"135":0,"136":0,"137":0,"138":0,"139":1,"140":0,"141":1,"142":1,"143":0,"144":0},"b":{"1":[0,12],"2":[0,0],"3":[2,0],"4":[2,2],"5":[2,0],"6":[1,11],"7":[0,1],"8":[1,10],"9":[1,9],"10":[0,10],"11":[0,0],"12":[2,8],"13":[0,2],"14":[2,6],"15":[2,0],"16":[2,6],"17":[2,0],"18":[2,2],"19":[2,0],"20":[0,2],"21":[0,0],"22":[0,0],"23":[0,0],"24":[0,0],"25":[0,0],"26":[0,0,0],"27":[0,0],"28":[0,0],"29":[0,0],"30":[0,0],"31":[0,0],"32":[0,0],"33":[0,0],"34":[0,0],"35":[0,0],"36":[0,0],"37":[0,0],"38":[1,0]},"f":{"1":12,"2":0,"3":2,"4":0,"5":12,"6":1,"7":2,"8":2,"9":0,"10":0,"11":0,"12":0,"13":0},"fnMap":{"1":{"name":"assert","line":10,"loc":{"start":{"line":10,"column":0},"end":{"line":10,"column":36}}},"2":{"name":"(anonymous_2)","line":16,"loc":{"start":{"line":16,"column":15},"end":{"line":16,"column":27}}},"3":{"name":"(anonymous_3)","line":20,"loc":{"start":{"line":20,"column":46},"end":{"line":20,"column":62}}},"4":{"name":"dbgast","line":34,"loc":{"start":{"line":34,"column":0},"end":{"line":34,"column":21}}},"5":{"name":"(anonymous_5)","line":45,"loc":{"start":{"line":45,"column":21},"end":{"line":45,"column":40}}},"6":{"name":"(anonymous_6)","line":48,"loc":{"start":{"line":48,"column":21},"end":{"line":48,"column":36}}},"7":{"name":"(anonymous_7)","line":52,"loc":{"start":{"line":52,"column":21},"end":{"line":52,"column":36}}},"8":{"name":"(anonymous_8)","line":134,"loc":{"start":{"line":134,"column":17},"end":{"line":134,"column":46}}},"9":{"name":"(anonymous_9)","line":146,"loc":{"start":{"line":146,"column":26},"end":{"line":146,"column":59}}},"10":{"name":"(anonymous_10)","line":175,"loc":{"start":{"line":175,"column":28},"end":{"line":175,"column":53}}},"11":{"name":"(anonymous_11)","line":214,"loc":{"start":{"line":214,"column":13},"end":{"line":214,"column":46}}},"12":{"name":"(anonymous_12)","line":236,"loc":{"start":{"line":236,"column":11},"end":{"line":236,"column":22}}},"13":{"name":"(anonymous_13)","line":259,"loc":{"start":{"line":259,"column":14},"end":{"line":259,"column":31}}}},"statementMap":{"1":{"start":{"line":1,"column":0},"end":{"line":1,"column":29}},"2":{"start":{"line":2,"column":0},"end":{"line":2,"column":33}},"3":{"start":{"line":4,"column":0},"end":{"line":4,"column":13}},"4":{"start":{"line":5,"column":0},"end":{"line":5,"column":14}},"5":{"start":{"line":6,"column":0},"end":{"line":6,"column":24}},"6":{"start":{"line":8,"column":0},"end":{"line":8,"column":19}},"7":{"start":{"line":10,"column":0},"end":{"line":14,"column":1}},"8":{"start":{"line":11,"column":4},"end":{"line":13,"column":5}},"9":{"start":{"line":12,"column":8},"end":{"line":12,"column":44}},"10":{"start":{"line":16,"column":0},"end":{"line":20,"column":0}},"11":{"start":{"line":17,"column":4},"end":{"line":17,"column":66}},"12":{"start":{"line":20,"column":0},"end":{"line":32,"column":2}},"13":{"start":{"line":21,"column":4},"end":{"line":21,"column":21}},"14":{"start":{"line":23,"column":4},"end":{"line":29,"column":5}},"15":{"start":{"line":24,"column":8},"end":{"line":24,"column":28}},"16":{"start":{"line":26,"column":8},"end":{"line":28,"column":9}},"17":{"start":{"line":27,"column":12},"end":{"line":27,"column":39}},"18":{"start":{"line":31,"column":4},"end":{"line":31,"column":19}},"19":{"start":{"line":34,"column":0},"end":{"line":36,"column":1}},"20":{"start":{"line":35,"column":4},"end":{"line":35,"column":46}},"21":{"start":{"line":44,"column":0},"end":{"line":44,"column":10}},"22":{"start":{"line":45,"column":0},"end":{"line":132,"column":2}},"23":{"start":{"line":46,"column":4},"end":{"line":46,"column":16}},"24":{"start":{"line":48,"column":4},"end":{"line":52,"column":4}},"25":{"start":{"line":49,"column":8},"end":{"line":49,"column":25}},"26":{"start":{"line":52,"column":4},"end":{"line":63,"column":4}},"27":{"start":{"line":53,"column":8},"end":{"line":58,"column":9}},"28":{"start":{"line":54,"column":12},"end":{"line":54,"column":36}},"29":{"start":{"line":55,"column":12},"end":{"line":55,"column":18}},"30":{"start":{"line":57,"column":12},"end":{"line":57,"column":116}},"31":{"start":{"line":60,"column":8},"end":{"line":60,"column":25}},"32":{"start":{"line":63,"column":4},"end":{"line":63,"column":19}},"33":{"start":{"line":65,"column":4},"end":{"line":73,"column":5}},"34":{"start":{"line":66,"column":8},"end":{"line":66,"column":42}},"35":{"start":{"line":68,"column":8},"end":{"line":70,"column":9}},"36":{"start":{"line":69,"column":12},"end":{"line":69,"column":52}},"37":{"start":{"line":72,"column":8},"end":{"line":72,"column":15}},"38":{"start":{"line":75,"column":4},"end":{"line":79,"column":5}},"39":{"start":{"line":76,"column":8},"end":{"line":76,"column":44}},"40":{"start":{"line":78,"column":8},"end":{"line":78,"column":15}},"41":{"start":{"line":81,"column":4},"end":{"line":84,"column":5}},"42":{"start":{"line":82,"column":8},"end":{"line":82,"column":38}},"43":{"start":{"line":83,"column":8},"end":{"line":83,"column":39}},"44":{"start":{"line":86,"column":4},"end":{"line":94,"column":5}},"45":{"start":{"line":87,"column":6},"end":{"line":87,"column":38}},"46":{"start":{"line":89,"column":6},"end":{"line":93,"column":7}},"47":{"start":{"line":90,"column":10},"end":{"line":92,"column":11}},"48":{"start":{"line":91,"column":14},"end":{"line":91,"column":52}},"49":{"start":{"line":96,"column":4},"end":{"line":114,"column":5}},"50":{"start":{"line":97,"column":8},"end":{"line":97,"column":81}},"51":{"start":{"line":99,"column":8},"end":{"line":101,"column":9}},"52":{"start":{"line":100,"column":12},"end":{"line":100,"column":106}},"53":{"start":{"line":103,"column":8},"end":{"line":103,"column":34}},"54":{"start":{"line":104,"column":8},"end":{"line":104,"column":54}},"55":{"start":{"line":105,"column":8},"end":{"line":105,"column":69}},"56":{"start":{"line":106,"column":8},"end":{"line":106,"column":65}},"57":{"start":{"line":108,"column":8},"end":{"line":108,"column":60}},"58":{"start":{"line":110,"column":8},"end":{"line":110,"column":45}},"59":{"start":{"line":110,"column":29},"end":{"line":110,"column":45}},"60":{"start":{"line":111,"column":8},"end":{"line":111,"column":65}},"61":{"start":{"line":111,"column":37},"end":{"line":111,"column":65}},"62":{"start":{"line":113,"column":8},"end":{"line":113,"column":15}},"63":{"start":{"line":116,"column":4},"end":{"line":122,"column":5}},"64":{"start":{"line":117,"column":8},"end":{"line":121,"column":9}},"65":{"start":{"line":118,"column":12},"end":{"line":120,"column":13}},"66":{"start":{"line":119,"column":16},"end":{"line":119,"column":49}},"67":{"start":{"line":124,"column":4},"end":{"line":130,"column":5}},"68":{"start":{"line":125,"column":8},"end":{"line":129,"column":9}},"69":{"start":{"line":126,"column":12},"end":{"line":128,"column":13}},"70":{"start":{"line":127,"column":16},"end":{"line":127,"column":54}},"71":{"start":{"line":134,"column":0},"end":{"line":144,"column":2}},"72":{"start":{"line":135,"column":2},"end":{"line":135,"column":38}},"73":{"start":{"line":135,"column":19},"end":{"line":135,"column":38}},"74":{"start":{"line":137,"column":2},"end":{"line":137,"column":37}},"75":{"start":{"line":139,"column":2},"end":{"line":139,"column":29}},"76":{"start":{"line":141,"column":2},"end":{"line":141,"column":98}},"77":{"start":{"line":143,"column":2},"end":{"line":143,"column":27}},"78":{"start":{"line":146,"column":0},"end":{"line":175,"column":0}},"79":{"start":{"line":149,"column":4},"end":{"line":149,"column":43}},"80":{"start":{"line":150,"column":4},"end":{"line":150,"column":43}},"81":{"start":{"line":151,"column":4},"end":{"line":151,"column":18}},"82":{"start":{"line":152,"column":4},"end":{"line":152,"column":20}},"83":{"start":{"line":154,"column":4},"end":{"line":158,"column":5}},"84":{"start":{"line":155,"column":8},"end":{"line":157,"column":9}},"85":{"start":{"line":156,"column":12},"end":{"line":156,"column":18}},"86":{"start":{"line":160,"column":4},"end":{"line":160,"column":35}},"87":{"start":{"line":161,"column":4},"end":{"line":161,"column":35}},"88":{"start":{"line":163,"column":4},"end":{"line":163,"column":11}},"89":{"start":{"line":165,"column":4},"end":{"line":169,"column":5}},"90":{"start":{"line":166,"column":8},"end":{"line":168,"column":9}},"91":{"start":{"line":167,"column":12},"end":{"line":167,"column":18}},"92":{"start":{"line":171,"column":4},"end":{"line":171,"column":26}},"93":{"start":{"line":175,"column":0},"end":{"line":214,"column":0}},"94":{"start":{"line":176,"column":4},"end":{"line":176,"column":30}},"95":{"start":{"line":176,"column":31},"end":{"line":176,"column":56}},"96":{"start":{"line":178,"column":4},"end":{"line":178,"column":22}},"97":{"start":{"line":179,"column":4},"end":{"line":179,"column":64}},"98":{"start":{"line":180,"column":4},"end":{"line":182,"column":5}},"99":{"start":{"line":181,"column":8},"end":{"line":182,"column":4}},"100":{"start":{"line":184,"column":4},"end":{"line":184,"column":22}},"101":{"start":{"line":184,"column":15},"end":{"line":184,"column":22}},"102":{"start":{"line":186,"column":4},"end":{"line":188,"column":5}},"103":{"start":{"line":187,"column":8},"end":{"line":187,"column":67}},"104":{"start":{"line":190,"column":4},"end":{"line":192,"column":5}},"105":{"start":{"line":191,"column":8},"end":{"line":191,"column":19}},"106":{"start":{"line":194,"column":4},"end":{"line":200,"column":5}},"107":{"start":{"line":195,"column":8},"end":{"line":199,"column":9}},"108":{"start":{"line":196,"column":12},"end":{"line":196,"column":71}},"109":{"start":{"line":198,"column":12},"end":{"line":198,"column":38}},"110":{"start":{"line":198,"column":24},"end":{"line":198,"column":38}},"111":{"start":{"line":202,"column":4},"end":{"line":208,"column":5}},"112":{"start":{"line":203,"column":8},"end":{"line":207,"column":9}},"113":{"start":{"line":204,"column":12},"end":{"line":204,"column":76}},"114":{"start":{"line":206,"column":12},"end":{"line":206,"column":38}},"115":{"start":{"line":206,"column":24},"end":{"line":206,"column":38}},"116":{"start":{"line":210,"column":4},"end":{"line":210,"column":41}},"117":{"start":{"line":211,"column":4},"end":{"line":211,"column":11}},"118":{"start":{"line":214,"column":0},"end":{"line":234,"column":2}},"119":{"start":{"line":220,"column":4},"end":{"line":220,"column":66}},"120":{"start":{"line":222,"column":4},"end":{"line":222,"column":53}},"121":{"start":{"line":224,"column":4},"end":{"line":224,"column":90}},"122":{"start":{"line":226,"column":4},"end":{"line":226,"column":80}},"123":{"start":{"line":227,"column":4},"end":{"line":227,"column":63}},"124":{"start":{"line":228,"column":4},"end":{"line":228,"column":41}},"125":{"start":{"line":229,"column":4},"end":{"line":229,"column":58}},"126":{"start":{"line":231,"column":4},"end":{"line":231,"column":49}},"127":{"start":{"line":236,"column":0},"end":{"line":257,"column":2}},"128":{"start":{"line":237,"column":2},"end":{"line":256,"column":3}},"129":{"start":{"line":238,"column":4},"end":{"line":238,"column":22}},"130":{"start":{"line":239,"column":4},"end":{"line":239,"column":96}},"131":{"start":{"line":241,"column":4},"end":{"line":255,"column":5}},"132":{"start":{"line":242,"column":6},"end":{"line":242,"column":35}},"133":{"start":{"line":244,"column":6},"end":{"line":244,"column":45}},"134":{"start":{"line":246,"column":6},"end":{"line":254,"column":7}},"135":{"start":{"line":247,"column":8},"end":{"line":247,"column":40}},"136":{"start":{"line":249,"column":8},"end":{"line":249,"column":45}},"137":{"start":{"line":251,"column":8},"end":{"line":251,"column":37}},"138":{"start":{"line":253,"column":8},"end":{"line":253,"column":35}},"139":{"start":{"line":259,"column":0},"end":{"line":261,"column":2}},"140":{"start":{"line":260,"column":4},"end":{"line":260,"column":22}},"141":{"start":{"line":263,"column":0},"end":{"line":268,"column":1}},"142":{"start":{"line":264,"column":4},"end":{"line":264,"column":43}},"143":{"start":{"line":266,"column":4},"end":{"line":266,"column":54}},"144":{"start":{"line":267,"column":4},"end":{"line":267,"column":27}}},"branchMap":{"1":{"line":11,"type":"if","locations":[{"start":{"line":11,"column":4},"end":{"line":11,"column":4}},{"start":{"line":11,"column":4},"end":{"line":11,"column":4}}]},"2":{"line":12,"type":"binary-expr","locations":[{"start":{"line":12,"column":14},"end":{"line":12,"column":21}},{"start":{"line":12,"column":25},"end":{"line":12,"column":43}}]},"3":{"line":26,"type":"if","locations":[{"start":{"line":26,"column":8},"end":{"line":26,"column":8}},{"start":{"line":26,"column":8},"end":{"line":26,"column":8}}]},"4":{"line":26,"type":"binary-expr","locations":[{"start":{"line":26,"column":12},"end":{"line":26,"column":45}},{"start":{"line":26,"column":49},"end":{"line":26,"column":87}}]},"5":{"line":53,"type":"if","locations":[{"start":{"line":53,"column":8},"end":{"line":53,"column":8}},{"start":{"line":53,"column":8},"end":{"line":53,"column":8}}]},"6":{"line":65,"type":"if","locations":[{"start":{"line":65,"column":4},"end":{"line":65,"column":4}},{"start":{"line":65,"column":4},"end":{"line":65,"column":4}}]},"7":{"line":68,"type":"if","locations":[{"start":{"line":68,"column":8},"end":{"line":68,"column":8}},{"start":{"line":68,"column":8},"end":{"line":68,"column":8}}]},"8":{"line":75,"type":"if","locations":[{"start":{"line":75,"column":4},"end":{"line":75,"column":4}},{"start":{"line":75,"column":4},"end":{"line":75,"column":4}}]},"9":{"line":81,"type":"if","locations":[{"start":{"line":81,"column":4},"end":{"line":81,"column":4}},{"start":{"line":81,"column":4},"end":{"line":81,"column":4}}]},"10":{"line":86,"type":"if","locations":[{"start":{"line":86,"column":4},"end":{"line":86,"column":4}},{"start":{"line":86,"column":4},"end":{"line":86,"column":4}}]},"11":{"line":89,"type":"if","locations":[{"start":{"line":89,"column":6},"end":{"line":89,"column":6}},{"start":{"line":89,"column":6},"end":{"line":89,"column":6}}]},"12":{"line":96,"type":"if","locations":[{"start":{"line":96,"column":4},"end":{"line":96,"column":4}},{"start":{"line":96,"column":4},"end":{"line":96,"column":4}}]},"13":{"line":99,"type":"if","locations":[{"start":{"line":99,"column":8},"end":{"line":99,"column":8}},{"start":{"line":99,"column":8},"end":{"line":99,"column":8}}]},"14":{"line":116,"type":"if","locations":[{"start":{"line":116,"column":4},"end":{"line":116,"column":4}},{"start":{"line":116,"column":4},"end":{"line":116,"column":4}}]},"15":{"line":117,"type":"if","locations":[{"start":{"line":117,"column":8},"end":{"line":117,"column":8}},{"start":{"line":117,"column":8},"end":{"line":117,"column":8}}]},"16":{"line":124,"type":"if","locations":[{"start":{"line":124,"column":4},"end":{"line":124,"column":4}},{"start":{"line":124,"column":4},"end":{"line":124,"column":4}}]},"17":{"line":125,"type":"if","locations":[{"start":{"line":125,"column":8},"end":{"line":125,"column":8}},{"start":{"line":125,"column":8},"end":{"line":125,"column":8}}]},"18":{"line":125,"type":"binary-expr","locations":[{"start":{"line":125,"column":12},"end":{"line":125,"column":20}},{"start":{"line":125,"column":24},"end":{"line":125,"column":37}}]},"19":{"line":135,"type":"if","locations":[{"start":{"line":135,"column":2},"end":{"line":135,"column":2}},{"start":{"line":135,"column":2},"end":{"line":135,"column":2}}]},"20":{"line":141,"type":"cond-expr","locations":[{"start":{"line":141,"column":40},"end":{"line":141,"column":62}},{"start":{"line":141,"column":65},"end":{"line":141,"column":67}}]},"21":{"line":155,"type":"if","locations":[{"start":{"line":155,"column":8},"end":{"line":155,"column":8}},{"start":{"line":155,"column":8},"end":{"line":155,"column":8}}]},"22":{"line":166,"type":"if","locations":[{"start":{"line":166,"column":8},"end":{"line":166,"column":8}},{"start":{"line":166,"column":8},"end":{"line":166,"column":8}}]},"23":{"line":179,"type":"binary-expr","locations":[{"start":{"line":179,"column":16},"end":{"line":179,"column":38}},{"start":{"line":179,"column":42},"end":{"line":179,"column":62}}]},"24":{"line":180,"type":"if","locations":[{"start":{"line":180,"column":4},"end":{"line":180,"column":4}},{"start":{"line":180,"column":4},"end":{"line":180,"column":4}}]},"25":{"line":180,"type":"binary-expr","locations":[{"start":{"line":180,"column":8},"end":{"line":180,"column":30}},{"start":{"line":180,"column":34},"end":{"line":180,"column":53}}]},"26":{"line":181,"type":"binary-expr","locations":[{"start":{"line":181,"column":8},"end":{"line":181,"column":20}},{"start":{"line":181,"column":25},"end":{"line":181,"column":45}},{"start":{"line":181,"column":49},"end":{"line":181,"column":67}}]},"27":{"line":184,"type":"if","locations":[{"start":{"line":184,"column":4},"end":{"line":184,"column":4}},{"start":{"line":184,"column":4},"end":{"line":184,"column":4}}]},"28":{"line":186,"type":"if","locations":[{"start":{"line":186,"column":4},"end":{"line":186,"column":4}},{"start":{"line":186,"column":4},"end":{"line":186,"column":4}}]},"29":{"line":186,"type":"binary-expr","locations":[{"start":{"line":186,"column":8},"end":{"line":186,"column":24}},{"start":{"line":186,"column":28},"end":{"line":186,"column":55}}]},"30":{"line":190,"type":"if","locations":[{"start":{"line":190,"column":4},"end":{"line":190,"column":4}},{"start":{"line":190,"column":4},"end":{"line":190,"column":4}}]},"31":{"line":190,"type":"binary-expr","locations":[{"start":{"line":190,"column":8},"end":{"line":190,"column":41}},{"start":{"line":190,"column":45},"end":{"line":190,"column":98}}]},"32":{"line":194,"type":"if","locations":[{"start":{"line":194,"column":4},"end":{"line":194,"column":4}},{"start":{"line":194,"column":4},"end":{"line":194,"column":4}}]},"33":{"line":198,"type":"if","locations":[{"start":{"line":198,"column":12},"end":{"line":198,"column":12}},{"start":{"line":198,"column":12},"end":{"line":198,"column":12}}]},"34":{"line":202,"type":"if","locations":[{"start":{"line":202,"column":4},"end":{"line":202,"column":4}},{"start":{"line":202,"column":4},"end":{"line":202,"column":4}}]},"35":{"line":206,"type":"if","locations":[{"start":{"line":206,"column":12},"end":{"line":206,"column":12}},{"start":{"line":206,"column":12},"end":{"line":206,"column":12}}]},"36":{"line":241,"type":"if","locations":[{"start":{"line":241,"column":4},"end":{"line":241,"column":4}},{"start":{"line":241,"column":4},"end":{"line":241,"column":4}}]},"37":{"line":246,"type":"if","locations":[{"start":{"line":246,"column":6},"end":{"line":246,"column":6}},{"start":{"line":246,"column":6},"end":{"line":246,"column":6}}]},"38":{"line":263,"type":"if","locations":[{"start":{"line":263,"column":0},"end":{"line":263,"column":0}},{"start":{"line":263,"column":0},"end":{"line":263,"column":0}}]}}}}