TN:
SF:/Users/johnfn/code/hotswapjs/spec/test.js
FN:7,(anonymous_1)
FN:10,run
FN:25,(anonymous_3)
FN:29,(anonymous_4)
FN:33,(anonymous_5)
FN:39,(anonymous_6)
FN:46,(anonymous_7)
FN:52,(anonymous_8)
FN:56,(anonymous_9)
FN:63,(anonymous_10)
FN:70,(anonymous_11)
FNF:11
FNH:6
FNDA:1,(anonymous_1)
FNDA:2,run
FNDA:3,(anonymous_3)
FNDA:1,(anonymous_4)
FNDA:1,(anonymous_5)
FNDA:0,(anonymous_6)
FNDA:0,(anonymous_7)
FNDA:1,(anonymous_8)
FNDA:0,(anonymous_9)
FNDA:0,(anonymous_10)
FNDA:0,(anonymous_11)
DA:1,1
DA:2,1
DA:3,1
DA:4,1
DA:5,1
DA:7,1
DA:8,1
DA:10,1
DA:11,2
DA:12,2
DA:14,2
DA:15,2
DA:16,2
DA:18,0
DA:19,0
DA:22,2
DA:25,1
DA:26,3
DA:29,1
DA:30,1
DA:33,1
DA:34,1
DA:35,1
DA:36,1
DA:39,1
DA:40,0
DA:42,0
DA:43,0
DA:46,1
DA:47,0
DA:49,0
DA:52,1
DA:56,1
DA:57,0
DA:59,0
DA:60,0
DA:63,1
DA:64,0
DA:66,0
DA:67,0
DA:70,1
LF:41
LH:28
BRF:0
BRH:0
end_of_record
TN:
SF:/Users/johnfn/code/hotswapjs/swapper.js
FN:10,assert
FN:16,(anonymous_2)
FN:20,(anonymous_3)
FN:34,dbgast
FN:45,(anonymous_5)
FN:48,(anonymous_6)
FN:52,(anonymous_7)
FN:134,(anonymous_8)
FN:146,(anonymous_9)
FN:175,(anonymous_10)
FN:214,(anonymous_11)
FN:236,(anonymous_12)
FN:259,(anonymous_13)
FNF:13
FNH:6
FNDA:12,assert
FNDA:0,(anonymous_2)
FNDA:2,(anonymous_3)
FNDA:0,dbgast
FNDA:12,(anonymous_5)
FNDA:1,(anonymous_6)
FNDA:2,(anonymous_7)
FNDA:2,(anonymous_8)
FNDA:0,(anonymous_9)
FNDA:0,(anonymous_10)
FNDA:0,(anonymous_11)
FNDA:0,(anonymous_12)
FNDA:0,(anonymous_13)
DA:1,1
DA:2,1
DA:4,1
DA:5,1
DA:6,1
DA:8,1
DA:10,1
DA:11,12
DA:12,0
DA:16,1
DA:17,0
DA:20,1
DA:21,2
DA:23,2
DA:24,2
DA:26,2
DA:27,2
DA:31,2
DA:34,1
DA:35,0
DA:44,1
DA:45,1
DA:46,12
DA:48,12
DA:49,1
DA:52,12
DA:53,2
DA:54,2
DA:55,2
DA:57,0
DA:60,2
DA:63,12
DA:65,12
DA:66,1
DA:68,1
DA:69,0
DA:72,1
DA:75,11
DA:76,1
DA:78,1
DA:81,10
DA:82,1
DA:83,1
DA:86,10
DA:87,0
DA:89,0
DA:90,0
DA:91,0
DA:96,10
DA:97,2
DA:99,2
DA:100,0
DA:103,2
DA:104,2
DA:105,2
DA:106,2
DA:108,2
DA:110,6
DA:111,4
DA:113,2
DA:116,8
DA:117,2
DA:118,2
DA:119,3
DA:124,8
DA:125,2
DA:126,2
DA:127,2
DA:134,1
DA:135,2
DA:137,2
DA:139,2
DA:141,2
DA:143,2
DA:146,1
DA:149,0
DA:150,0
DA:151,0
DA:152,0
DA:154,0
DA:155,0
DA:156,0
DA:160,0
DA:161,0
DA:163,0
DA:165,0
DA:166,0
DA:167,0
DA:171,0
DA:175,1
DA:176,0
DA:178,0
DA:179,0
DA:180,0
DA:181,0
DA:184,0
DA:186,0
DA:187,0
DA:190,0
DA:191,0
DA:194,0
DA:195,0
DA:196,0
DA:198,0
DA:202,0
DA:203,0
DA:204,0
DA:206,0
DA:210,0
DA:211,0
DA:214,1
DA:220,0
DA:222,0
DA:224,0
DA:226,0
DA:227,0
DA:228,0
DA:229,0
DA:231,0
DA:236,1
DA:237,0
DA:238,0
DA:239,0
DA:241,0
DA:242,0
DA:244,0
DA:246,0
DA:247,0
DA:249,0
DA:251,0
DA:253,0
DA:259,1
DA:260,0
DA:263,1
DA:264,1
DA:266,0
DA:267,0
LF:137
LH:71
BRDA:11,1,0,0
BRDA:11,1,1,12
BRDA:12,2,0,0
BRDA:12,2,1,0
BRDA:26,3,0,2
BRDA:26,3,1,0
BRDA:26,4,0,2
BRDA:26,4,1,2
BRDA:53,5,0,2
BRDA:53,5,1,0
BRDA:65,6,0,1
BRDA:65,6,1,11
BRDA:68,7,0,0
BRDA:68,7,1,1
BRDA:75,8,0,1
BRDA:75,8,1,10
BRDA:81,9,0,1
BRDA:81,9,1,9
BRDA:86,10,0,0
BRDA:86,10,1,10
BRDA:89,11,0,0
BRDA:89,11,1,0
BRDA:96,12,0,2
BRDA:96,12,1,8
BRDA:99,13,0,0
BRDA:99,13,1,2
BRDA:116,14,0,2
BRDA:116,14,1,6
BRDA:117,15,0,2
BRDA:117,15,1,0
BRDA:124,16,0,2
BRDA:124,16,1,6
BRDA:125,17,0,2
BRDA:125,17,1,0
BRDA:125,18,0,2
BRDA:125,18,1,2
BRDA:135,19,0,2
BRDA:135,19,1,0
BRDA:141,20,0,0
BRDA:141,20,1,2
BRDA:155,21,0,0
BRDA:155,21,1,0
BRDA:166,22,0,0
BRDA:166,22,1,0
BRDA:179,23,0,0
BRDA:179,23,1,0
BRDA:180,24,0,0
BRDA:180,24,1,0
BRDA:180,25,0,0
BRDA:180,25,1,0
BRDA:181,26,0,0
BRDA:181,26,1,0
BRDA:181,26,2,0
BRDA:184,27,0,0
BRDA:184,27,1,0
BRDA:186,28,0,0
BRDA:186,28,1,0
BRDA:186,29,0,0
BRDA:186,29,1,0
BRDA:190,30,0,0
BRDA:190,30,1,0
BRDA:190,31,0,0
BRDA:190,31,1,0
BRDA:194,32,0,0
BRDA:194,32,1,0
BRDA:198,33,0,0
BRDA:198,33,1,0
BRDA:202,34,0,0
BRDA:202,34,1,0
BRDA:206,35,0,0
BRDA:206,35,1,0
BRDA:241,36,0,0
BRDA:241,36,1,0
BRDA:246,37,0,0
BRDA:246,37,1,0
BRDA:263,38,0,1
BRDA:263,38,1,0
BRF:77
BRH:27
end_of_record
